Change Component Designator: Old Designator=C1 New Designator=C?
Change Component Designator: Old Designator=C2 New Designator=C?
Change Component Designator: Old Designator=C3 New Designator=C?
Change Component Designator: Old Designator=D1 New Designator=D?
Change Component Designator: Old Designator=D2 New Designator=D?
Change Component Designator: Old Designator=D3 New Designator=D?
Change Component Designator: Old Designator=F1 New Designator=F?
Change Component Designator: Old Designator=IC1 New Designator=IC?
Change Component Designator: Old Designator=IC2 New Designator=IC?
Change Component Designator: Old Designator=IC3 New Designator=IC?
Change Component Designator: Old Designator=IC4 New Designator=IC?
Change Component Designator: Old Designator=IC4 New Designator=IC?
Change Component Designator: Old Designator=IC5 New Designator=IC?
Change Component Designator: Old Designator=L1 New Designator=L?
Change Component Designator: Old Designator=L2 New Designator=L?
Change Component Designator: Old Designator=L New Designator=L?
Change Component Designator: Old Designator=ON New Designator=ON?
Change Component Designator: Old Designator=PC1 New Designator=PC?
Change Component Designator: Old Designator=PC2 New Designator=PC?
Change Component Designator: Old Designator=R2 New Designator=R?
Change Component Designator: Old Designator=RESET1 New Designator=RESET?
Change Component Designator: Old Designator=RN1 New Designator=RN?
Change Component Designator: Old Designator=RN2 New Designator=RN?
Change Component Designator: Old Designator=RN3 New Designator=RN?
Change Component Designator: Old Designator=RN4 New Designator=RN?
Change Component Designator: Old Designator=RN5 New Designator=RN?
Change Component Designator: Old Designator=RX New Designator=RX?
Change Component Designator: Old Designator=TX New Designator=TX?
Change Component Designator: Old Designator=X1 New Designator=X?
Change Component Designator: Old Designator=Y1 New Designator=Y?
Change Component Designator: Old Designator=Z1 New Designator=Z?
Change Component Designator: Old Designator=Z2 New Designator=Z?
