Change Component Designator: Old Designator=C? New Designator=C1
Change Component Designator: Old Designator=C? New Designator=C2
Change Component Designator: Old Designator=C? New Designator=C3
Change Component Designator: Old Designator=D? New Designator=D1
Change Component Designator: Old Designator=D? New Designator=D2
Change Component Designator: Old Designator=D? New Designator=D3
Change Component Designator: Old Designator=F? New Designator=F1
Change Component Designator: Old Designator=IC? New Designator=IC4
Change Component Designator: Old Designator=IC? New Designator=IC4
Change Component Designator: Old Designator=IC? New Designator=IC1
Change Component Designator: Old Designator=IC? New Designator=IC2
Change Component Designator: Old Designator=IC? New Designator=IC3
Change Component Designator: Old Designator=IC? New Designator=IC5
Change Component Designator: Old Designator=L? New Designator=L1
Change Component Designator: Old Designator=L? New Designator=L2
Change Component Designator: Old Designator=L? New Designator=L3
Change Component Designator: Old Designator=ON? New Designator=ON1
Change Component Designator: Old Designator=PC? New Designator=PC1
Change Component Designator: Old Designator=PC? New Designator=PC2
Change Component Designator: Old Designator=R? New Designator=R1
Change Component Designator: Old Designator=R? New Designator=R2
Change Component Designator: Old Designator=RESET? New Designator=RESET1
Change Component Designator: Old Designator=RN? New Designator=RN1
Change Component Designator: Old Designator=RN? New Designator=RN2
Change Component Designator: Old Designator=RN? New Designator=RN3
Change Component Designator: Old Designator=RN? New Designator=RN4
Change Component Designator: Old Designator=RN? New Designator=RN5
Change Component Designator: Old Designator=RX? New Designator=RX1
Change Component Designator: Old Designator=TX? New Designator=TX1
Change Component Designator: Old Designator=X? New Designator=X1
Change Component Designator: Old Designator=Y? New Designator=Y1
Change Component Designator: Old Designator=Z? New Designator=Z1
Change Component Designator: Old Designator=Z? New Designator=Z2
