Removed Pin From Net: NetName=SS Pin=P7-1
Removed Pin From Net: NetName=SCK Pin=P7-2
Removed Pin From Net: NetName=MISO Pin=P7-3
Removed Pin From Net: NetName=MOSI Pin=P7-4
Removed Pin From Net: NetName=SS Pin=U15-10
Removed Pin From Net: NetName=SCK Pin=U15-11
Removed Pin From Net: NetName=MOSI Pin=U15-12
Removed Pin From Net: NetName=MISO Pin=U15-14
Added Component: Designator=POWER(HDR2X3)
Add component (AddParameter): Name = "LatestRevisionDate"; Value = "17-Jul-2002"; VariantName = "[No Variations]"
Add component (AddParameter): Name = "LatestRevisionNote"; Value = "Re-released for DXP Platform."; VariantName = "[No Variations]"
Add component (AddParameter): Name = "Publisher"; Value = "Altium Limited"; VariantName = "[No Variations]"
Added Pin To Net: NetName=GND Pin=POWER-1
Added Pin To Net: NetName=PWRIN Pin=POWER-2
Added Pin To Net: NetName=GND Pin=POWER-3
Added Pin To Net: NetName=PWRIN Pin=POWER-4
Added Pin To Net: NetName=GND Pin=POWER-5
Added Pin To Net: NetName=PWRIN Pin=POWER-6
Added Pin To Net: NetName=CK Pin=P7-2
Added Pin To Net: NetName=CK Pin=P20-1
Added Pin To Net: NetName=CK Pin=U11-20
Added Pin To Net: NetName=CK Pin=U15-11
Added Net: Name=CK
Added Pin To Net: NetName=CS Pin=P7-1
Added Pin To Net: NetName=CS Pin=P20-6
Added Pin To Net: NetName=CS Pin=U11-19
Added Pin To Net: NetName=CS Pin=U15-10
Added Net: Name=CS
Added Pin To Net: NetName=SDI Pin=P7-4
Added Pin To Net: NetName=SDI Pin=P20-2
Added Pin To Net: NetName=SDI Pin=U11-21
Added Pin To Net: NetName=SDI Pin=U15-12
Added Net: Name=SDI
Added Pin To Net: NetName=SDO Pin=P7-3
Added Pin To Net: NetName=SDO Pin=P20-3
Added Pin To Net: NetName=SDO Pin=U11-22
Added Pin To Net: NetName=SDO Pin=U15-14
Added Net: Name=SDO
Added Member To Class: ClassName=Misaka-v1.0 Member=Component POWER Header 3X2
Added Room: Name=Misaka-v1.0
